<?xml version="1.0" encoding="UTF-8"?>
<!-- Generated by org.testng.reporters.JUnitReportReporter -->
<testsuite hostname="TYSS" failures="0" tests="1" name="com.Scripts.FutureDate" time="216.907" errors="0" timestamp="2021-02-23T11:17:31 IST" skipped="0">
  <testcase classname="com.Scripts.FutureDate" name="fd" time="216.907"/>
  <system-out/>
</testsuite> <!-- com.Scripts.FutureDate -->
