<?xml version="1.0" encoding="UTF-8"?>
<!-- Generated by org.testng.reporters.JUnitReportReporter -->
<testsuite hostname="TYSS" failures="0" tests="1" name="com.Scripts.DynamicCalender" time="78.912" errors="0" timestamp="2021-02-23T10:58:10 IST" skipped="0">
  <testcase classname="com.Scripts.DynamicCalender" name="ts" time="78.912"/>
  <system-out/>
</testsuite> <!-- com.Scripts.DynamicCalender -->
